<?xml version="1.0" encoding="UTF-8"?>
<testsuite name="StringCaseChangerTest" tests="1" skipped="0" failures="0" errors="0" timestamp="2021-12-03T15:13:16" hostname="LAPTOP-8D29A3SM" time="0.032">
  <properties/>
  <testcase name="stringCaseChanger()" classname="StringCaseChangerTest" time="0.032"/>
  <system-out><![CDATA[]]></system-out>
  <system-err><![CDATA[]]></system-err>
</testsuite>
